{"/Users/reggie/reggie_coding_space/threads-feed-scraper/src/extract.ts": {"path":"/Users/reggie/reggie_coding_space/threads-feed-scraper/src/extract.ts","statementMap":{"0":{"start":{"line":9,"column":4},"end":{"line":9,"column":null}},"1":{"start":{"line":9,"column":14},"end":{"line":9,"column":null}},"2":{"start":{"line":10,"column":20},"end":{"line":10,"column":41}},"3":{"start":{"line":11,"column":19},"end":{"line":11,"column":48}},"4":{"start":{"line":12,"column":4},"end":{"line":12,"column":null}},"5":{"start":{"line":12,"column":16},"end":{"line":12,"column":null}},"6":{"start":{"line":13,"column":19},"end":{"line":13,"column":48}},"7":{"start":{"line":14,"column":4},"end":{"line":14,"column":null}},"8":{"start":{"line":14,"column":16},"end":{"line":14,"column":null}},"9":{"start":{"line":15,"column":4},"end":{"line":15,"column":null}},"10":{"start":{"line":20,"column":18},"end":{"line":20,"column":null}},"11":{"start":{"line":21,"column":4},"end":{"line":21,"column":null}},"12":{"start":{"line":21,"column":21},"end":{"line":21,"column":null}},"13":{"start":{"line":22,"column":4},"end":{"line":22,"column":null}},"14":{"start":{"line":22,"column":19},"end":{"line":22,"column":null}},"15":{"start":{"line":23,"column":4},"end":{"line":23,"column":null}},"16":{"start":{"line":23,"column":30},"end":{"line":23,"column":null}},"17":{"start":{"line":24,"column":4},"end":{"line":24,"column":null}},"18":{"start":{"line":38,"column":4},"end":{"line":215,"column":null}},"19":{"start":{"line":218,"column":28},"end":{"line":218,"column":null}}},"fnMap":{"0":{"name":"parseCount","decl":{"start":{"line":8,"column":16},"end":{"line":8,"column":27}},"loc":{"start":{"line":8,"column":67},"end":{"line":15,"column":null}},"line":8},"1":{"name":"detectMediaType","decl":{"start":{"line":19,"column":16},"end":{"line":19,"column":32}},"loc":{"start":{"line":19,"column":85},"end":{"line":24,"column":null}},"line":19},"2":{"name":"getExtractScript","decl":{"start":{"line":33,"column":16},"end":{"line":33,"column":null}},"loc":{"start":{"line":37,"column":10},"end":{"line":215,"column":null}},"line":37}},"branchMap":{"0":{"loc":{"start":{"line":9,"column":4},"end":{"line":9,"column":null}},"type":"if","locations":[{"start":{"line":9,"column":4},"end":{"line":9,"column":null}},{"start":{},"end":{}}],"line":9},"1":{"loc":{"start":{"line":12,"column":4},"end":{"line":12,"column":null}},"type":"if","locations":[{"start":{"line":12,"column":4},"end":{"line":12,"column":null}},{"start":{},"end":{}}],"line":12},"2":{"loc":{"start":{"line":14,"column":4},"end":{"line":14,"column":null}},"type":"if","locations":[{"start":{"line":14,"column":4},"end":{"line":14,"column":null}},{"start":{},"end":{}}],"line":14},"3":{"loc":{"start":{"line":15,"column":11},"end":{"line":15,"column":null}},"type":"binary-expr","locations":[{"start":{"line":15,"column":11},"end":{"line":15,"column":32}},{"start":{"line":15,"column":36},"end":{"line":15,"column":null}}],"line":15},"4":{"loc":{"start":{"line":21,"column":4},"end":{"line":21,"column":null}},"type":"if","locations":[{"start":{"line":21,"column":4},"end":{"line":21,"column":null}},{"start":{},"end":{}}],"line":21},"5":{"loc":{"start":{"line":22,"column":4},"end":{"line":22,"column":null}},"type":"if","locations":[{"start":{"line":22,"column":4},"end":{"line":22,"column":null}},{"start":{},"end":{}}],"line":22},"6":{"loc":{"start":{"line":23,"column":4},"end":{"line":23,"column":null}},"type":"if","locations":[{"start":{"line":23,"column":4},"end":{"line":23,"column":null}},{"start":{},"end":{}}],"line":23}},"s":{"0":8,"1":2,"2":6,"3":6,"4":6,"5":2,"6":4,"7":4,"8":1,"9":3,"10":5,"11":5,"12":1,"13":4,"14":4,"15":2,"16":1,"17":1,"18":0,"19":1},"f":{"0":8,"1":5,"2":0},"b":{"0":[2,6],"1":[2,4],"2":[1,3],"3":[3,1],"4":[1,4],"5":[2,2],"6":[1,1]},"meta":{"lastBranch":7,"lastFunction":3,"lastStatement":20,"seen":{"f:8:16:8:27":0,"b:9:4:9:Infinity:undefined:undefined:undefined:undefined":0,"s:9:4:9:Infinity":0,"s:9:14:9:Infinity":1,"s:10:20:10:41":2,"s:11:19:11:48":3,"b:12:4:12:Infinity:undefined:undefined:undefined:undefined":1,"s:12:4:12:Infinity":4,"s:12:16:12:Infinity":5,"s:13:19:13:48":6,"b:14:4:14:Infinity:undefined:undefined:undefined:undefined":2,"s:14:4:14:Infinity":7,"s:14:16:14:Infinity":8,"s:15:4:15:Infinity":9,"b:15:11:15:32:15:36:15:Infinity":3,"f:19:16:19:32":1,"s:20:18:20:Infinity":10,"b:21:4:21:Infinity:undefined:undefined:undefined:undefined":4,"s:21:4:21:Infinity":11,"s:21:21:21:Infinity":12,"b:22:4:22:Infinity:undefined:undefined:undefined:undefined":5,"s:22:4:22:Infinity":13,"s:22:19:22:Infinity":14,"b:23:4:23:Infinity:undefined:undefined:undefined:undefined":6,"s:23:4:23:Infinity":15,"s:23:30:23:Infinity":16,"s:24:4:24:Infinity":17,"f:33:16:33:Infinity":2,"s:38:4:215:Infinity":18,"s:218:28:218:Infinity":19}}}
,"/Users/reggie/reggie_coding_space/threads-feed-scraper/src/replies.ts": {"path":"/Users/reggie/reggie_coding_space/threads-feed-scraper/src/replies.ts","statementMap":{"0":{"start":{"line":7,"column":4},"end":{"line":73,"column":null}}},"fnMap":{"0":{"name":"getReplyExtractScript","decl":{"start":{"line":6,"column":16},"end":{"line":6,"column":38}},"loc":{"start":{"line":6,"column":66},"end":{"line":73,"column":null}},"line":6}},"branchMap":{},"s":{"0":2},"f":{"0":2},"b":{},"meta":{"lastBranch":0,"lastFunction":1,"lastStatement":1,"seen":{"f:6:16:6:38":0,"s:7:4:73:Infinity":0}}}
,"/Users/reggie/reggie_coding_space/threads-feed-scraper/src/time.ts": {"path":"/Users/reggie/reggie_coding_space/threads-feed-scraper/src/time.ts","statementMap":{"0":{"start":{"line":1,"column":25},"end":{"line":1,"column":null}},"1":{"start":{"line":2,"column":25},"end":{"line":2,"column":null}},"2":{"start":{"line":4,"column":43},"end":{"line":10,"column":null}},"3":{"start":{"line":13,"column":20},"end":{"line":13,"column":30}},"4":{"start":{"line":14,"column":4},"end":{"line":14,"column":null}},"5":{"start":{"line":14,"column":18},"end":{"line":14,"column":null}},"6":{"start":{"line":16,"column":26},"end":{"line":16,"column":57}},"7":{"start":{"line":17,"column":4},"end":{"line":22,"column":null}},"8":{"start":{"line":18,"column":22},"end":{"line":18,"column":52}},"9":{"start":{"line":19,"column":21},"end":{"line":19,"column":51}},"10":{"start":{"line":20,"column":19},"end":{"line":20,"column":null}},"11":{"start":{"line":21,"column":8},"end":{"line":22,"column":null}},"12":{"start":{"line":22,"column":12},"end":{"line":22,"column":null}},"13":{"start":{"line":26,"column":26},"end":{"line":26,"column":57}},"14":{"start":{"line":27,"column":4},"end":{"line":31,"column":null}},"15":{"start":{"line":28,"column":22},"end":{"line":28,"column":null}},"16":{"start":{"line":29,"column":20},"end":{"line":29,"column":null}},"17":{"start":{"line":30,"column":21},"end":{"line":30,"column":null}},"18":{"start":{"line":31,"column":8},"end":{"line":31,"column":null}},"19":{"start":{"line":34,"column":4},"end":{"line":34,"column":null}}},"fnMap":{"0":{"name":"normalizeTimestamp","decl":{"start":{"line":12,"column":16},"end":{"line":12,"column":35}},"loc":{"start":{"line":12,"column":56},"end":{"line":34,"column":null}},"line":12}},"branchMap":{"0":{"loc":{"start":{"line":14,"column":4},"end":{"line":14,"column":null}},"type":"if","locations":[{"start":{"line":14,"column":4},"end":{"line":14,"column":null}},{"start":{},"end":{}}],"line":14},"1":{"loc":{"start":{"line":17,"column":4},"end":{"line":22,"column":null}},"type":"if","locations":[{"start":{"line":17,"column":4},"end":{"line":22,"column":null}},{"start":{},"end":{}}],"line":17},"2":{"loc":{"start":{"line":21,"column":8},"end":{"line":22,"column":null}},"type":"if","locations":[{"start":{"line":21,"column":8},"end":{"line":22,"column":null}},{"start":{},"end":{}}],"line":21},"3":{"loc":{"start":{"line":27,"column":4},"end":{"line":31,"column":null}},"type":"if","locations":[{"start":{"line":27,"column":4},"end":{"line":31,"column":null}},{"start":{},"end":{}}],"line":27}},"s":{"0":1,"1":1,"2":1,"3":9,"4":9,"5":1,"6":8,"7":8,"8":5,"9":5,"10":5,"11":5,"12":5,"13":3,"14":3,"15":2,"16":2,"17":2,"18":2,"19":1},"f":{"0":9},"b":{"0":[1,8],"1":[5,3],"2":[5,0],"3":[2,1]},"meta":{"lastBranch":4,"lastFunction":1,"lastStatement":20,"seen":{"s:1:25:1:Infinity":0,"s:2:25:2:Infinity":1,"s:4:43:10:Infinity":2,"f:12:16:12:35":0,"s:13:20:13:30":3,"b:14:4:14:Infinity:undefined:undefined:undefined:undefined":0,"s:14:4:14:Infinity":4,"s:14:18:14:Infinity":5,"s:16:26:16:57":6,"b:17:4:22:Infinity:undefined:undefined:undefined:undefined":1,"s:17:4:22:Infinity":7,"s:18:22:18:52":8,"s:19:21:19:51":9,"s:20:19:20:Infinity":10,"b:21:8:22:Infinity:undefined:undefined:undefined:undefined":2,"s:21:8:22:Infinity":11,"s:22:12:22:Infinity":12,"s:26:26:26:57":13,"b:27:4:31:Infinity:undefined:undefined:undefined:undefined":3,"s:27:4:31:Infinity":14,"s:28:22:28:Infinity":15,"s:29:20:29:Infinity":16,"s:30:21:30:Infinity":17,"s:31:8:31:Infinity":18,"s:34:4:34:Infinity":19}}}
,"/Users/reggie/reggie_coding_space/threads-feed-scraper/src/types.ts": {"path":"/Users/reggie/reggie_coding_space/threads-feed-scraper/src/types.ts","statementMap":{},"fnMap":{},"branchMap":{},"s":{},"f":{},"b":{},"meta":{"lastBranch":0,"lastFunction":0,"lastStatement":0,"seen":{}}}
,"/Users/reggie/reggie_coding_space/threads-feed-scraper/src/urls.ts": {"path":"/Users/reggie/reggie_coding_space/threads-feed-scraper/src/urls.ts","statementMap":{"0":{"start":{"line":3,"column":28},"end":{"line":3,"column":null}},"1":{"start":{"line":4,"column":21},"end":{"line":4,"column":null}},"2":{"start":{"line":7,"column":16},"end":{"line":7,"column":44}},"3":{"start":{"line":8,"column":4},"end":{"line":8,"column":null}},"4":{"start":{"line":9,"column":4},"end":{"line":12,"column":null}},"5":{"start":{"line":10,"column":8},"end":{"line":10,"column":null}},"6":{"start":{"line":11,"column":8},"end":{"line":12,"column":null}},"7":{"start":{"line":12,"column":12},"end":{"line":12,"column":null}},"8":{"start":{"line":15,"column":4},"end":{"line":15,"column":null}},"9":{"start":{"line":19,"column":20},"end":{"line":19,"column":null}},"10":{"start":{"line":20,"column":16},"end":{"line":20,"column":44}},"11":{"start":{"line":21,"column":4},"end":{"line":21,"column":null}},"12":{"start":{"line":22,"column":4},"end":{"line":22,"column":null}},"13":{"start":{"line":23,"column":4},"end":{"line":23,"column":null}},"14":{"start":{"line":27,"column":20},"end":{"line":27,"column":null}},"15":{"start":{"line":28,"column":4},"end":{"line":28,"column":null}},"16":{"start":{"line":32,"column":4},"end":{"line":32,"column":null}}},"fnMap":{"0":{"name":"buildSearchUrl","decl":{"start":{"line":6,"column":16},"end":{"line":6,"column":31}},"loc":{"start":{"line":6,"column":75},"end":{"line":15,"column":null}},"line":6},"1":{"name":"buildTagUrl","decl":{"start":{"line":18,"column":16},"end":{"line":18,"column":28}},"loc":{"start":{"line":18,"column":49},"end":{"line":23,"column":null}},"line":18},"2":{"name":"buildProfileUrl","decl":{"start":{"line":26,"column":16},"end":{"line":26,"column":32}},"loc":{"start":{"line":26,"column":58},"end":{"line":28,"column":null}},"line":26},"3":{"name":"buildPostUrl","decl":{"start":{"line":31,"column":16},"end":{"line":31,"column":29}},"loc":{"start":{"line":31,"column":54},"end":{"line":32,"column":null}},"line":31}},"branchMap":{"0":{"loc":{"start":{"line":9,"column":4},"end":{"line":12,"column":null}},"type":"if","locations":[{"start":{"line":9,"column":4},"end":{"line":12,"column":null}},{"start":{},"end":{}}],"line":9},"1":{"loc":{"start":{"line":11,"column":8},"end":{"line":12,"column":null}},"type":"if","locations":[{"start":{"line":11,"column":8},"end":{"line":12,"column":null}},{"start":{},"end":{}}],"line":11},"2":{"loc":{"start":{"line":19,"column":20},"end":{"line":19,"column":null}},"type":"cond-expr","locations":[{"start":{"line":19,"column":42},"end":{"line":19,"column":54}},{"start":{"line":19,"column":57},"end":{"line":19,"column":null}}],"line":19},"3":{"loc":{"start":{"line":27,"column":20},"end":{"line":27,"column":null}},"type":"cond-expr","locations":[{"start":{"line":27,"column":47},"end":{"line":27,"column":64}},{"start":{"line":27,"column":67},"end":{"line":27,"column":null}}],"line":27}},"s":{"0":1,"1":1,"2":4,"3":4,"4":4,"5":2,"6":2,"7":1,"8":4,"9":2,"10":2,"11":2,"12":2,"13":2,"14":2,"15":2,"16":1},"f":{"0":4,"1":2,"2":2,"3":1},"b":{"0":[2,2],"1":[1,1],"2":[1,1],"3":[1,1]},"meta":{"lastBranch":4,"lastFunction":4,"lastStatement":17,"seen":{"s:3:28:3:Infinity":0,"s:4:21:4:Infinity":1,"f:6:16:6:31":0,"s:7:16:7:44":2,"s:8:4:8:Infinity":3,"b:9:4:12:Infinity:undefined:undefined:undefined:undefined":0,"s:9:4:12:Infinity":4,"s:10:8:10:Infinity":5,"b:11:8:12:Infinity:undefined:undefined:undefined:undefined":1,"s:11:8:12:Infinity":6,"s:12:12:12:Infinity":7,"s:15:4:15:Infinity":8,"f:18:16:18:28":1,"s:19:20:19:Infinity":9,"b:19:42:19:54:19:57:19:Infinity":2,"s:20:16:20:44":10,"s:21:4:21:Infinity":11,"s:22:4:22:Infinity":12,"s:23:4:23:Infinity":13,"f:26:16:26:32":2,"s:27:20:27:Infinity":14,"b:27:47:27:64:27:67:27:Infinity":3,"s:28:4:28:Infinity":15,"f:31:16:31:29":3,"s:32:4:32:Infinity":16}}}
,"/Users/reggie/reggie_coding_space/threads-feed-scraper/src/validation.ts": {"path":"/Users/reggie/reggie_coding_space/threads-feed-scraper/src/validation.ts","statementMap":{"0":{"start":{"line":3,"column":21},"end":{"line":3,"column":null}},"1":{"start":{"line":4,"column":34},"end":{"line":4,"column":51}},"2":{"start":{"line":7,"column":4},"end":{"line":8,"column":null}},"3":{"start":{"line":8,"column":8},"end":{"line":8,"column":null}},"4":{"start":{"line":11,"column":21},"end":{"line":11,"column":49}},"5":{"start":{"line":12,"column":27},"end":{"line":12,"column":61}},"6":{"start":{"line":13,"column":23},"end":{"line":13,"column":53}},"7":{"start":{"line":14,"column":24},"end":{"line":14,"column":55}},"8":{"start":{"line":15,"column":21},"end":{"line":15,"column":49}},"9":{"start":{"line":17,"column":4},"end":{"line":26,"column":null}},"10":{"start":{"line":24,"column":8},"end":{"line":26,"column":null}},"11":{"start":{"line":29,"column":4},"end":{"line":30,"column":null}},"12":{"start":{"line":30,"column":8},"end":{"line":30,"column":null}},"13":{"start":{"line":33,"column":4},"end":{"line":37,"column":null}},"14":{"start":{"line":34,"column":8},"end":{"line":34,"column":null}},"15":{"start":{"line":35,"column":23},"end":{"line":35,"column":35}},"16":{"start":{"line":36,"column":8},"end":{"line":37,"column":null}},"17":{"start":{"line":37,"column":12},"end":{"line":37,"column":null}},"18":{"start":{"line":41,"column":4},"end":{"line":45,"column":null}},"19":{"start":{"line":42,"column":8},"end":{"line":42,"column":null}},"20":{"start":{"line":43,"column":23},"end":{"line":43,"column":35}},"21":{"start":{"line":44,"column":8},"end":{"line":45,"column":null}},"22":{"start":{"line":45,"column":12},"end":{"line":45,"column":null}},"23":{"start":{"line":49,"column":4},"end":{"line":51,"column":null}},"24":{"start":{"line":50,"column":8},"end":{"line":51,"column":null}},"25":{"start":{"line":51,"column":12},"end":{"line":51,"column":null}},"26":{"start":{"line":55,"column":4},"end":{"line":57,"column":null}},"27":{"start":{"line":56,"column":8},"end":{"line":57,"column":null}},"28":{"start":{"line":57,"column":12},"end":{"line":57,"column":null}},"29":{"start":{"line":61,"column":4},"end":{"line":63,"column":null}},"30":{"start":{"line":62,"column":8},"end":{"line":63,"column":null}},"31":{"start":{"line":63,"column":12},"end":{"line":63,"column":null}},"32":{"start":{"line":67,"column":4},"end":{"line":68,"column":null}},"33":{"start":{"line":68,"column":8},"end":{"line":68,"column":null}},"34":{"start":{"line":71,"column":4},"end":{"line":82,"column":null}},"35":{"start":{"line":86,"column":4},"end":{"line":93,"column":null}},"36":{"start":{"line":87,"column":23},"end":{"line":87,"column":35}},"37":{"start":{"line":88,"column":8},"end":{"line":89,"column":null}},"38":{"start":{"line":89,"column":12},"end":{"line":89,"column":null}},"39":{"start":{"line":92,"column":8},"end":{"line":92,"column":null}},"40":{"start":{"line":92,"column":71},"end":{"line":92,"column":null}},"41":{"start":{"line":93,"column":8},"end":{"line":93,"column":null}},"42":{"start":{"line":98,"column":4},"end":{"line":98,"column":null}},"43":{"start":{"line":98,"column":14},"end":{"line":98,"column":null}},"44":{"start":{"line":99,"column":4},"end":{"line":99,"column":null}},"45":{"start":{"line":99,"column":26},"end":{"line":99,"column":34}},"46":{"start":{"line":99,"column":50},"end":{"line":99,"column":63}}},"fnMap":{"0":{"name":"validateInput","decl":{"start":{"line":6,"column":16},"end":{"line":6,"column":30}},"loc":{"start":{"line":6,"column":80},"end":{"line":82,"column":null}},"line":6},"1":{"name":"assertThreadsHostname","decl":{"start":{"line":85,"column":9},"end":{"line":85,"column":31}},"loc":{"start":{"line":85,"column":65},"end":{"line":93,"column":null}},"line":85},"2":{"name":"filterNonEmpty","decl":{"start":{"line":97,"column":9},"end":{"line":97,"column":24}},"loc":{"start":{"line":97,"column":61},"end":{"line":99,"column":null}},"line":97},"3":{"name":"(anonymous_3)","decl":{"start":{"line":99,"column":15},"end":{"line":99,"column":20}},"loc":{"start":{"line":99,"column":26},"end":{"line":99,"column":34}},"line":99},"4":{"name":"(anonymous_4)","decl":{"start":{"line":99,"column":36},"end":{"line":99,"column":44}},"loc":{"start":{"line":99,"column":50},"end":{"line":99,"column":63}},"line":99}},"branchMap":{"0":{"loc":{"start":{"line":7,"column":4},"end":{"line":8,"column":null}},"type":"if","locations":[{"start":{"line":7,"column":4},"end":{"line":8,"column":null}},{"start":{},"end":{}}],"line":7},"1":{"loc":{"start":{"line":17,"column":4},"end":{"line":26,"column":null}},"type":"if","locations":[{"start":{"line":17,"column":4},"end":{"line":26,"column":null}},{"start":{},"end":{}}],"line":17},"2":{"loc":{"start":{"line":18,"column":8},"end":{"line":22,"column":null}},"type":"binary-expr","locations":[{"start":{"line":18,"column":8},"end":{"line":18,"column":null}},{"start":{"line":19,"column":8},"end":{"line":19,"column":null}},{"start":{"line":20,"column":8},"end":{"line":20,"column":null}},{"start":{"line":21,"column":8},"end":{"line":21,"column":null}},{"start":{"line":22,"column":8},"end":{"line":22,"column":null}}],"line":18},"3":{"loc":{"start":{"line":36,"column":8},"end":{"line":37,"column":null}},"type":"if","locations":[{"start":{"line":36,"column":8},"end":{"line":37,"column":null}},{"start":{},"end":{}}],"line":36},"4":{"loc":{"start":{"line":44,"column":8},"end":{"line":45,"column":null}},"type":"if","locations":[{"start":{"line":44,"column":8},"end":{"line":45,"column":null}},{"start":{},"end":{}}],"line":44},"5":{"loc":{"start":{"line":49,"column":4},"end":{"line":51,"column":null}},"type":"if","locations":[{"start":{"line":49,"column":4},"end":{"line":51,"column":null}},{"start":{},"end":{}}],"line":49},"6":{"loc":{"start":{"line":50,"column":8},"end":{"line":51,"column":null}},"type":"if","locations":[{"start":{"line":50,"column":8},"end":{"line":51,"column":null}},{"start":{},"end":{}}],"line":50},"7":{"loc":{"start":{"line":55,"column":4},"end":{"line":57,"column":null}},"type":"if","locations":[{"start":{"line":55,"column":4},"end":{"line":57,"column":null}},{"start":{},"end":{}}],"line":55},"8":{"loc":{"start":{"line":56,"column":8},"end":{"line":57,"column":null}},"type":"if","locations":[{"start":{"line":56,"column":8},"end":{"line":57,"column":null}},{"start":{},"end":{}}],"line":56},"9":{"loc":{"start":{"line":61,"column":4},"end":{"line":63,"column":null}},"type":"if","locations":[{"start":{"line":61,"column":4},"end":{"line":63,"column":null}},{"start":{},"end":{}}],"line":61},"10":{"loc":{"start":{"line":62,"column":8},"end":{"line":63,"column":null}},"type":"if","locations":[{"start":{"line":62,"column":8},"end":{"line":63,"column":null}},{"start":{},"end":{}}],"line":62},"11":{"loc":{"start":{"line":67,"column":4},"end":{"line":68,"column":null}},"type":"if","locations":[{"start":{"line":67,"column":4},"end":{"line":68,"column":null}},{"start":{},"end":{}}],"line":67},"12":{"loc":{"start":{"line":67,"column":8},"end":{"line":67,"column":65}},"type":"binary-expr","locations":[{"start":{"line":67,"column":8},"end":{"line":67,"column":24}},{"start":{"line":67,"column":24},"end":{"line":67,"column":38}},{"start":{"line":67,"column":38},"end":{"line":67,"column":65}}],"line":67},"13":{"loc":{"start":{"line":72,"column":18},"end":{"line":72,"column":null}},"type":"cond-expr","locations":[{"start":{"line":72,"column":40},"end":{"line":72,"column":51}},{"start":{"line":72,"column":51},"end":{"line":72,"column":null}}],"line":72},"14":{"loc":{"start":{"line":73,"column":24},"end":{"line":73,"column":null}},"type":"cond-expr","locations":[{"start":{"line":73,"column":52},"end":{"line":73,"column":69}},{"start":{"line":73,"column":69},"end":{"line":73,"column":null}}],"line":73},"15":{"loc":{"start":{"line":74,"column":20},"end":{"line":74,"column":null}},"type":"cond-expr","locations":[{"start":{"line":74,"column":44},"end":{"line":74,"column":57}},{"start":{"line":74,"column":57},"end":{"line":74,"column":null}}],"line":74},"16":{"loc":{"start":{"line":75,"column":21},"end":{"line":75,"column":null}},"type":"cond-expr","locations":[{"start":{"line":75,"column":46},"end":{"line":75,"column":60}},{"start":{"line":75,"column":60},"end":{"line":75,"column":null}}],"line":75},"17":{"loc":{"start":{"line":76,"column":18},"end":{"line":76,"column":null}},"type":"cond-expr","locations":[{"start":{"line":76,"column":40},"end":{"line":76,"column":51}},{"start":{"line":76,"column":51},"end":{"line":76,"column":null}}],"line":76},"18":{"loc":{"start":{"line":88,"column":8},"end":{"line":89,"column":null}},"type":"if","locations":[{"start":{"line":88,"column":8},"end":{"line":89,"column":null}},{"start":{},"end":{}}],"line":88},"19":{"loc":{"start":{"line":92,"column":8},"end":{"line":92,"column":null}},"type":"if","locations":[{"start":{"line":92,"column":8},"end":{"line":92,"column":null}},{"start":{},"end":{}}],"line":92},"20":{"loc":{"start":{"line":92,"column":12},"end":{"line":92,"column":69}},"type":"binary-expr","locations":[{"start":{"line":92,"column":12},"end":{"line":92,"column":36}},{"start":{"line":92,"column":36},"end":{"line":92,"column":69}}],"line":92},"21":{"loc":{"start":{"line":98,"column":4},"end":{"line":98,"column":null}},"type":"if","locations":[{"start":{"line":98,"column":4},"end":{"line":98,"column":null}},{"start":{},"end":{}}],"line":98}},"s":{"0":1,"1":1,"2":19,"3":1,"4":18,"5":18,"6":18,"7":18,"8":18,"9":18,"10":1,"11":17,"12":2,"13":16,"14":3,"15":3,"16":3,"17":1,"18":14,"19":2,"20":2,"21":2,"22":1,"23":13,"24":3,"25":1,"26":12,"27":3,"28":1,"29":11,"30":2,"31":1,"32":10,"33":1,"34":9,"35":7,"36":7,"37":7,"38":2,"39":2,"40":2,"41":0,"42":90,"43":73,"44":17,"45":20,"46":20},"f":{"0":19,"1":7,"2":90,"3":20,"4":20},"b":{"0":[1,18],"1":[1,17],"2":[18,16,7,6,3],"3":[1,2],"4":[1,1],"5":[3,10],"6":[1,2],"7":[3,9],"8":[1,2],"9":[2,9],"10":[1,1],"11":[1,9],"12":[10,2,1],"13":[1,8],"14":[5,4],"15":[1,8],"16":[1,8],"17":[1,8],"18":[2,5],"19":[2,0],"20":[2,2],"21":[73,17]},"meta":{"lastBranch":22,"lastFunction":5,"lastStatement":47,"seen":{"s:3:21:3:Infinity":0,"s:4:34:4:51":1,"f:6:16:6:30":0,"b:7:4:8:Infinity:undefined:undefined:undefined:undefined":0,"s:7:4:8:Infinity":2,"s:8:8:8:Infinity":3,"s:11:21:11:49":4,"s:12:27:12:61":5,"s:13:23:13:53":6,"s:14:24:14:55":7,"s:15:21:15:49":8,"b:17:4:26:Infinity:undefined:undefined:undefined:undefined":1,"s:17:4:26:Infinity":9,"b:18:8:18:Infinity:19:8:19:Infinity:20:8:20:Infinity:21:8:21:Infinity:22:8:22:Infinity":2,"s:24:8:26:Infinity":10,"s:29:4:30:Infinity":11,"s:30:8:30:Infinity":12,"s:33:4:37:Infinity":13,"s:34:8:34:Infinity":14,"s:35:23:35:35":15,"b:36:8:37:Infinity:undefined:undefined:undefined:undefined":3,"s:36:8:37:Infinity":16,"s:37:12:37:Infinity":17,"s:41:4:45:Infinity":18,"s:42:8:42:Infinity":19,"s:43:23:43:35":20,"b:44:8:45:Infinity:undefined:undefined:undefined:undefined":4,"s:44:8:45:Infinity":21,"s:45:12:45:Infinity":22,"b:49:4:51:Infinity:undefined:undefined:undefined:undefined":5,"s:49:4:51:Infinity":23,"b:50:8:51:Infinity:undefined:undefined:undefined:undefined":6,"s:50:8:51:Infinity":24,"s:51:12:51:Infinity":25,"b:55:4:57:Infinity:undefined:undefined:undefined:undefined":7,"s:55:4:57:Infinity":26,"b:56:8:57:Infinity:undefined:undefined:undefined:undefined":8,"s:56:8:57:Infinity":27,"s:57:12:57:Infinity":28,"b:61:4:63:Infinity:undefined:undefined:undefined:undefined":9,"s:61:4:63:Infinity":29,"b:62:8:63:Infinity:undefined:undefined:undefined:undefined":10,"s:62:8:63:Infinity":30,"s:63:12:63:Infinity":31,"b:67:4:68:Infinity:undefined:undefined:undefined:undefined":11,"s:67:4:68:Infinity":32,"b:67:8:67:24:67:24:67:38:67:38:67:65":12,"s:68:8:68:Infinity":33,"s:71:4:82:Infinity":34,"b:72:40:72:51:72:51:72:Infinity":13,"b:73:52:73:69:73:69:73:Infinity":14,"b:74:44:74:57:74:57:74:Infinity":15,"b:75:46:75:60:75:60:75:Infinity":16,"b:76:40:76:51:76:51:76:Infinity":17,"f:85:9:85:31":1,"s:86:4:93:Infinity":35,"s:87:23:87:35":36,"b:88:8:89:Infinity:undefined:undefined:undefined:undefined":18,"s:88:8:89:Infinity":37,"s:89:12:89:Infinity":38,"b:92:8:92:Infinity:undefined:undefined:undefined:undefined":19,"s:92:8:92:Infinity":39,"b:92:12:92:36:92:36:92:69":20,"s:92:71:92:Infinity":40,"s:93:8:93:Infinity":41,"f:97:9:97:24":2,"b:98:4:98:Infinity:undefined:undefined:undefined:undefined":21,"s:98:4:98:Infinity":42,"s:98:14:98:Infinity":43,"s:99:4:99:Infinity":44,"f:99:15:99:20":3,"s:99:26:99:34":45,"f:99:36:99:44":4,"s:99:50:99:63":46}}}
}
